Using pre-set license
Built from '2021.1/staging' branch; Version is '2021.1.6f1 (c0fade0cc7e9) revision 12647134'; Using compiler version '192528614'; Build Type 'Release'
OS: 'Windows 10 Home; OS build 19042.1165; Version 2009; 64bit' Language: 'ja' Physical Memory: 16315 MB
BatchMode: 1, IsHumanControllingUs: 0, StartBugReporterOnCrash: 0, Is64bit: 1, IsPro: 0

 COMMAND LINE ARGUMENTS:
C:\Program Files\Unity\Hub\Editor\2021.1.6f1\Editor\Unity.exe
-adb2
-batchMode
-noUpm
-name
AssetImportWorker0
-projectPath
D:/UnityProject/_github/SUIZOKUKAN
-logFile
Logs/AssetImportWorker0.log
-srvPort
55337
Successfully changed project path to: D:/UnityProject/_github/SUIZOKUKAN
D:/UnityProject/_github/SUIZOKUKAN
Using Asset Import Pipeline V2.
Refreshing native plugins compatible for Editor in 113.24 ms, found 1 plugins.
Preloading 0 native plugins for Editor in 0.00 ms.
Initialize engine version: 2021.1.6f1 (c0fade0cc7e9)
[Subsystems] Discovering subsystems at path C:/Program Files/Unity/Hub/Editor/2021.1.6f1/Editor/Data/Resources/UnitySubsystems
[Subsystems] Discovering subsystems at path D:/UnityProject/_github/SUIZOKUKAN/Assets
GfxDevice: creating device client; threaded=0; jobified=0
Direct3D:
    Version:  Direct3D 11.0 [level 11.1]
    Renderer: NVIDIA GeForce RTX 2070 SUPER (ID=0x1e84)
    Vendor:   NVIDIA
    VRAM:     8011 MB
    Driver:   27.21.14.6259
Initialize mono
Mono path[0] = 'C:/Program Files/Unity/Hub/Editor/2021.1.6f1/Editor/Data/Managed'
Mono path[1] = 'C:/Program Files/Unity/Hub/Editor/2021.1.6f1/Editor/Data/MonoBleedingEdge/lib/mono/unityjit'
Mono config path = 'C:/Program Files/Unity/Hub/Editor/2021.1.6f1/Editor/Data/MonoBleedingEdge/etc'
Using monoOptions --debugger-agent=transport=dt_socket,embedding=1,server=y,suspend=n,address=127.0.0.1:56820
Begin MonoManager ReloadAssembly
Registering precompiled unity dll's ...
Register platform support module: C:/Program Files/Unity/Hub/Editor/2021.1.6f1/Editor/Data/PlaybackEngines/WindowsStandaloneSupport/UnityEditor.WindowsStandalone.Extensions.dll
Registered in 0.002635 seconds.
Native extension for WindowsStandalone target not found
Refreshing native plugins compatible for Editor in 114.17 ms, found 1 plugins.
Preloading 0 native plugins for Editor in 0.00 ms.
Mono: successfully reloaded assembly
- Completed reload, in  1.844 seconds
Platform modules already initialized, skipping
Registering precompiled user dll's ...
Registered in 0.004658 seconds.
Begin MonoManager ReloadAssembly
Native extension for WindowsStandalone target not found
Refreshing native plugins compatible for Editor in 118.98 ms, found 1 plugins.
Preloading 0 native plugins for Editor in 0.00 ms.
Mono: successfully reloaded assembly
- Completed reload, in  1.347 seconds
Platform modules already initialized, skipping
========================================================================
Worker process is ready to serve import requests
Launched and connected shader compiler UnityShaderCompiler.exe after 0.06 seconds
Refreshing native plugins compatible for Editor in 0.97 ms, found 1 plugins.
Preloading 0 native plugins for Editor in 0.00 ms.
Unloading 5179 Unused Serialized files (Serialized files now loaded: 0)
System memory in use before: 238.1 MB.
System memory in use after: 238.5 MB.

Unloading 16 unused Assets to reduce memory usage. Loaded Objects now: 5653.
Total: 3.281500 ms (FindLiveObjects: 0.534500 ms CreateObjectMapping: 0.139900 ms MarkObjects: 2.522500 ms  DeleteObjects: 0.083700 ms)

========================================================================
Received Import Request.
  path: Assets/Terrain Shader/Resources
  artifactKey: Guid(63fbafe434279be4a9a2f9ea583c2d37) Importer(815301076,1909f56bfc062723c751e8b465ee728b)
Start importing Assets/Terrain Shader/Resources using Guid(63fbafe434279be4a9a2f9ea583c2d37) Importer(815301076,1909f56bfc062723c751e8b465ee728b)  -> (artifact id: '761d5660fc2b8df7337e05a6c1010d79') in 0.009346 seconds 
========================================================================
Received Import Request.
  Time since last request: 0.000234 seconds.
  path: Assets/Terrain Shader/Shader
  artifactKey: Guid(497236686029f5046ab8fa74ece50c10) Importer(815301076,1909f56bfc062723c751e8b465ee728b)
Start importing Assets/Terrain Shader/Shader using Guid(497236686029f5046ab8fa74ece50c10) Importer(815301076,1909f56bfc062723c751e8b465ee728b)  -> (artifact id: 'a3636ed2440025ad00820b31db6ba6b9') in 0.002574 seconds 
========================================================================
Received Import Request.
  Time since last request: 0.000257 seconds.
  path: Assets/Terrain Shader/Scenes
  artifactKey: Guid(c1ee4e29864dacd49a5014f01eb6705f) Importer(815301076,1909f56bfc062723c751e8b465ee728b)
Start importing Assets/Terrain Shader/Scenes using Guid(c1ee4e29864dacd49a5014f01eb6705f) Importer(815301076,1909f56bfc062723c751e8b465ee728b)  -> (artifact id: '57309e2acf3297a2daac5eb6e9882edb') in 0.004176 seconds 
========================================================================
Received Import Request.
  Time since last request: 0.000258 seconds.
  path: Assets/Terrain Shader/Scenes/DemoTerrain.unity
  artifactKey: Guid(de4c74a046148064f8ff0d28d42b5c79) Importer(815301076,1909f56bfc062723c751e8b465ee728b)
Start importing Assets/Terrain Shader/Scenes/DemoTerrain.unity using Guid(de4c74a046148064f8ff0d28d42b5c79) Importer(815301076,1909f56bfc062723c751e8b465ee728b)  -> (artifact id: 'f91623a4ade2328a23c20445440ecf0f') in 0.013400 seconds 
========================================================================
Received Import Request.
  Time since last request: 0.000297 seconds.
  path: Assets/Terrain Shader/Scenes/CoverImageScene.unity
  artifactKey: Guid(13f8581118b16b843ae4f3407cc5153c) Importer(815301076,1909f56bfc062723c751e8b465ee728b)
Start importing Assets/Terrain Shader/Scenes/CoverImageScene.unity using Guid(13f8581118b16b843ae4f3407cc5153c) Importer(815301076,1909f56bfc062723c751e8b465ee728b)  -> (artifact id: 'bf6628c011602c8628e1880bc7ba05f1') in 0.004691 seconds 
========================================================================
Received Import Request.
  Time since last request: 41.753749 seconds.
  path: Assets/Scenes/SampleScene.unity
  artifactKey: Guid(9fc0d4010bbf28b4594072e72b8655ab) Importer(815301076,1909f56bfc062723c751e8b465ee728b)
Start importing Assets/Scenes/SampleScene.unity using Guid(9fc0d4010bbf28b4594072e72b8655ab) Importer(815301076,1909f56bfc062723c751e8b465ee728b)  -> (artifact id: 'd45aae5a2320befdaaac4baddb045bda') in 0.003998 seconds 
========================================================================
Received Import Request.
  Time since last request: 5.970799 seconds.
  path: Assets/Terrain Shader/Resources/151.JPG
  artifactKey: Guid(1aeb78b382e98c042a7a2e9674651958) Importer(815301076,1909f56bfc062723c751e8b465ee728b)
Start importing Assets/Terrain Shader/Resources/151.JPG using Guid(1aeb78b382e98c042a7a2e9674651958) Importer(815301076,1909f56bfc062723c751e8b465ee728b)  -> (artifact id: '7db57a26b70d47b37c053a71a806d6fd') in 0.100468 seconds 
========================================================================
Received Import Request.
  Time since last request: 0.000192 seconds.
  path: Assets/Terrain Shader/Resources/151_norm.JPG
  artifactKey: Guid(7a6e214136c7fa94896a70035583c93b) Importer(815301076,1909f56bfc062723c751e8b465ee728b)
Start importing Assets/Terrain Shader/Resources/151_norm.JPG using Guid(7a6e214136c7fa94896a70035583c93b) Importer(815301076,1909f56bfc062723c751e8b465ee728b)  -> (artifact id: '95f4f22312084824da77e9c3ccfea8c3') in 0.073413 seconds 
========================================================================
Received Import Request.
  Time since last request: 0.000274 seconds.
  path: Assets/Terrain Shader/Resources/TriPerlinNoise.png
  artifactKey: Guid(2941be714f5974d42b3866365d665a3b) Importer(815301076,1909f56bfc062723c751e8b465ee728b)
Start importing Assets/Terrain Shader/Resources/TriPerlinNoise.png using Guid(2941be714f5974d42b3866365d665a3b) Importer(815301076,1909f56bfc062723c751e8b465ee728b)  -> (artifact id: '307e2c60877c1571c744b5f62601dbe9') in 0.017458 seconds 
========================================================================
Received Import Request.
  Time since last request: 0.000318 seconds.
  path: Assets/Terrain Shader/Resources/grass-png-4758.png
  artifactKey: Guid(7b8d741972d59524d92f6a6ab5c582be) Importer(815301076,1909f56bfc062723c751e8b465ee728b)
Start importing Assets/Terrain Shader/Resources/grass-png-4758.png using Guid(7b8d741972d59524d92f6a6ab5c582be) Importer(815301076,1909f56bfc062723c751e8b465ee728b)  -> (artifact id: '03bbd2aee9adfab6502ff4598e51d4c1') in 0.022077 seconds 
========================================================================
Received Import Request.
  Time since last request: 0.000313 seconds.
  path: Assets/Terrain Shader/Resources/BasicMat.mat
  artifactKey: Guid(a11f7733f9c8dca4e9ef06b5248e809a) Importer(815301076,1909f56bfc062723c751e8b465ee728b)
Start importing Assets/Terrain Shader/Resources/BasicMat.mat using Guid(a11f7733f9c8dca4e9ef06b5248e809a) Importer(815301076,1909f56bfc062723c751e8b465ee728b) Launched and connected shader compiler UnityShaderCompiler.exe after 0.06 seconds
Launched and connected shader compiler UnityShaderCompiler.exe after 0.05 seconds
Launched and connected shader compiler UnityShaderCompiler.exe after 0.05 seconds
Launched and connected shader compiler UnityShaderCompiler.exe after 0.05 seconds
Launched and connected shader compiler UnityShaderCompiler.exe after 0.05 seconds
Launched and connected shader compiler UnityShaderCompiler.exe after 0.05 seconds
Launched and connected shader compiler UnityShaderCompiler.exe after 0.05 seconds
Launched and connected shader compiler UnityShaderCompiler.exe after 0.05 seconds
Launched and connected shader compiler UnityShaderCompiler.exe after 0.06 seconds
Launched and connected shader compiler UnityShaderCompiler.exe after 0.06 seconds
Launched and connected shader compiler UnityShaderCompiler.exe after 0.06 seconds
 -> (artifact id: '7b91f502f26f33c7b070724cbcc97b43') in 1.332203 seconds 
========================================================================
Received Import Request.
  Time since last request: 0.000182 seconds.
  path: Assets/Terrain Shader/Shader/Grass Shader Deferred.mat
  artifactKey: Guid(f217a97b4c884e743b087597e442d1e6) Importer(815301076,1909f56bfc062723c751e8b465ee728b)
Start importing Assets/Terrain Shader/Shader/Grass Shader Deferred.mat using Guid(f217a97b4c884e743b087597e442d1e6) Importer(815301076,1909f56bfc062723c751e8b465ee728b)  -> (artifact id: 'ed8ea792e61bebc1b8c00ce87cec7373') in 0.021722 seconds 
========================================================================
Received Import Request.
  Time since last request: 102.804578 seconds.
  path: Assets/SurrealGrassShader/Materials
  artifactKey: Guid(8d8ca766db396b34f9c3774c62537ed6) Importer(815301076,1909f56bfc062723c751e8b465ee728b)
Start importing Assets/SurrealGrassShader/Materials using Guid(8d8ca766db396b34f9c3774c62537ed6) Importer(815301076,1909f56bfc062723c751e8b465ee728b)  -> (artifact id: '811a5e92935ad8f34ea24719d9431991') in 0.002643 seconds 
========================================================================
Received Import Request.
  Time since last request: 0.373334 seconds.
  path: Assets/SurrealGrassShader/Scripts
  artifactKey: Guid(d8ab22f26673b884eaba3d5e1c98d659) Importer(815301076,1909f56bfc062723c751e8b465ee728b)
Start importing Assets/SurrealGrassShader/Scripts using Guid(d8ab22f26673b884eaba3d5e1c98d659) Importer(815301076,1909f56bfc062723c751e8b465ee728b)  -> (artifact id: 'a569a5d68b97bec7b2d8f3749b4cfe7c') in 0.003918 seconds 
========================================================================
Received Import Request.
  Time since last request: 2.029869 seconds.
  path: Assets/SurrealGrassShader/Materials/SurrealGrassDefaultMat.mat
  artifactKey: Guid(0207f8ce14aafcd43a70c579ac3093d2) Importer(815301076,1909f56bfc062723c751e8b465ee728b)
Start importing Assets/SurrealGrassShader/Materials/SurrealGrassDefaultMat.mat using Guid(0207f8ce14aafcd43a70c579ac3093d2) Importer(815301076,1909f56bfc062723c751e8b465ee728b)  -> (artifact id: '4526591d1faa09e8515486e7111fbc63') in 0.139236 seconds 
========================================================================
Received Import Request.
  Time since last request: 13.712190 seconds.
  path: Assets/Boids/Example Scenes
  artifactKey: Guid(6393a17045589ba488be9266b711d4f2) Importer(815301076,1909f56bfc062723c751e8b465ee728b)
Start importing Assets/Boids/Example Scenes using Guid(6393a17045589ba488be9266b711d4f2) Importer(815301076,1909f56bfc062723c751e8b465ee728b)  -> (artifact id: 'dc24417b9d2f31f075cb211217ae103e') in 0.003374 seconds 
========================================================================
Received Prepare
Registering precompiled user dll's ...
Registered in 0.004870 seconds.
Begin MonoManager ReloadAssembly
Native extension for WindowsStandalone target not found
Refreshing native plugins compatible for Editor in 0.98 ms, found 1 plugins.
Preloading 0 native plugins for Editor in 0.00 ms.
Mono: successfully reloaded assembly
- Completed reload, in  1.168 seconds
Platform modules already initialized, skipping
Refreshing native plugins compatible for Editor in 0.96 ms, found 1 plugins.
Preloading 0 native plugins for Editor in 0.00 ms.
Unloading 4842 Unused Serialized files (Serialized files now loaded: 0)
System memory in use before: 239.8 MB.
System memory in use after: 240.2 MB.

Unloading 11 unused Assets to reduce memory usage. Loaded Objects now: 5891.
Total: 3.507100 ms (FindLiveObjects: 0.559800 ms CreateObjectMapping: 0.196500 ms MarkObjects: 2.691900 ms  DeleteObjects: 0.057400 ms)

AssetImportWorkerClient::OnTransportError - code=2 error=End of file
